\BOOKMARK [1][-]{section.1}{Principe du chiffrement RSA}{}% 1
\BOOKMARK [2][-]{subsection.1.1}{Question 1}{section.1}% 2
\BOOKMARK [3][-]{subsubsection.1.1.1}{Montre que cd = 1 + k\(p-1\)\(q-1\)}{subsection.1.1}% 3
\BOOKMARK [2][-]{subsection.1.2}{Question 2}{section.1}% 4
\BOOKMARK [3][-]{subsubsection.1.2.1}{D\351duire que cd 1 8mu\(mod6mu\(n\)\)}{subsection.1.2}% 5
\BOOKMARK [3][-]{subsubsection.1.2.2}{Conclure que si c et \(n\) premiers entre eux, il existe toujours un entier d inverse de c modulo \(n\)}{subsection.1.2}% 6
\BOOKMARK [2][-]{subsection.1.3}{Question 3}{section.1}% 7
\BOOKMARK [3][-]{subsubsection.1.3.1}{Montrer que M est premier avec p et avec q}{subsection.1.3}% 8
\BOOKMARK [1][-]{section.2}{Premier exemple}{}% 9
\BOOKMARK [2][-]{subsection.2.1}{Question 1}{section.2}% 10
\BOOKMARK [3][-]{subsubsection.2.1.1}{Calculer n1 = p1 q1 et \(n1\) = \(p1 - 1\)\(q1 - 1\) avec p1 = 7307 et q1 = 5923}{subsection.2.1}% 11
\BOOKMARK [2][-]{subsection.2.2}{Question 2}{section.2}% 12
\BOOKMARK [3][-]{subsubsection.2.2.1}{Choisir un entier c1 premier avec \(n1\) tel que c1 < \(n1\)}{subsection.2.2}% 13
\BOOKMARK [1][-]{section.3}{Fonctions de base}{}% 14
\BOOKMARK [2][-]{subsection.3.1}{Question 1}{section.3}% 15
\BOOKMARK [3][-]{subsubsection.3.1.1}{Impl\351menter exponentiationModulaire\(x, k, n\)}{subsection.3.1}% 16
\BOOKMARK [2][-]{subsection.3.2}{Question 2}{section.3}% 17
\BOOKMARK [3][-]{subsubsection.3.2.1}{Impl\351menter euclideEtendu\(a, b\)}{subsection.3.2}% 18
\BOOKMARK [2][-]{subsection.3.3}{Question 3}{section.3}% 19
\BOOKMARK [3][-]{subsubsection.3.3.1}{Impl\351menter inverseModulaire\(a, N\)}{subsection.3.3}% 20
\BOOKMARK [2][-]{subsection.3.4}{Question 4}{section.3}% 21
\BOOKMARK [3][-]{subsubsection.3.4.1}{Impl\351menter generationExposants\(p, q\)}{subsection.3.4}% 22
